<?xml version="1.0" encoding="UTF-8"?>
<testng-results ignored="0" total="1" passed="1" failed="0" skipped="0">
  <reporter-output>
  </reporter-output>
  <suite started-at="2023-02-15T00:49:19 IST" name="Default suite" finished-at="2023-02-15T00:49:22 IST" duration-ms="2822">
    <groups>
    </groups>
    <test started-at="2023-02-15T00:49:19 IST" name="Default test" finished-at="2023-02-15T00:49:22 IST" duration-ms="2822">
      <class name="Session03.Delete">
        <test-method signature="delete1()[pri:0, instance:Session03.Delete@2a693f59]" started-at="2023-02-15T00:49:19 IST" name="delete1" finished-at="2023-02-15T00:49:22 IST" duration-ms="2724" status="PASS">
          <reporter-output>
          </reporter-output>
        </test-method> <!-- delete1 -->
      </class> <!-- Session03.Delete -->
    </test> <!-- Default test -->
  </suite> <!-- Default suite -->
</testng-results>
